[INFO] Scanning for projects...
[INFO] 
[INFO] ------------------------< org.example:project >-------------------------
[INFO] Building project 0.0.1-SNAPSHOT
[INFO]   from pom.xml
[INFO] --------------------------------[ jar ]---------------------------------
[INFO] 
[INFO] >>> spring-boot:4.0.3:run (default-cli) > test-compile @ project >>>
[INFO] 
[INFO] --- resources:3.3.1:resources (default-resources) @ project ---
[INFO] Copying 1 resource from src\main\resources to target\classes
[INFO] Copying 16 resources from src\main\resources to target\classes
[INFO] 
[INFO] --- compiler:3.14.1:compile (default-compile) @ project ---
[INFO] Nothing to compile - all classes are up to date.
[INFO] 
[INFO] --- resources:3.3.1:testResources (default-testResources) @ project ---
[INFO] Copying 1 resource from src\test\resources to target\test-classes
[INFO] 
[INFO] --- compiler:3.14.1:testCompile (default-testCompile) @ project ---
[INFO] Nothing to compile - all classes are up to date.
[INFO] 
[INFO] <<< spring-boot:4.0.3:run (default-cli) < test-compile @ project <<<
[INFO] 
[INFO] 
[INFO] --- spring-boot:4.0.3:run (default-cli) @ project ---
[INFO] Attaching agents: []

  .   ____          _            __ _ _
 /\\ / ___'_ __ _ _(_)_ __  __ _ \ \ \ \
( ( )\___ | '_ | '_| | '_ \/ _` | \ \ \ \
 \\/  ___)| |_)| | | | | || (_| |  ) ) ) )
  '  |____| .__|_| |_|_| |_\__, | / / / /
 =========|_|==============|___/=/_/_/_/

 :: Spring Boot ::                (v4.0.3)

2026-04-12T17:35:23.020+08:00  INFO 17984 --- [project] [           main] org.example.project.ProjectApplication   : Starting ProjectApplication using Java 25.0.1 with PID 17984 (C:\Users\25366\IdeaProjects\project\target\classes started by 25366 in C:\Users\25366\IdeaProjects\project)
2026-04-12T17:35:23.022+08:00  INFO 17984 --- [project] [           main] org.example.project.ProjectApplication   : No active profile set, falling back to 1 default profile: "default"
2026-04-12T17:35:23.875+08:00  INFO 17984 --- [project] [           main] o.s.boot.tomcat.TomcatWebServer          : Tomcat initialized with port 8080 (http)
2026-04-12T17:35:23.890+08:00  INFO 17984 --- [project] [           main] o.apache.catalina.core.StandardService   : Starting service [Tomcat]
2026-04-12T17:35:23.890+08:00  INFO 17984 --- [project] [           main] o.apache.catalina.core.StandardEngine    : Starting Servlet engine: [Apache Tomcat/11.0.18]
2026-04-12T17:35:23.937+08:00  INFO 17984 --- [project] [           main] b.w.c.s.WebApplicationContextInitializer : Root WebApplicationContext: initialization completed in 872 ms
2026-04-12T17:35:24.028+08:00  INFO 17984 --- [project] [           main] com.zaxxer.hikari.HikariDataSource       : HikariPool-1 - Starting...
2026-04-12T17:35:24.182+08:00  INFO 17984 --- [project] [           main] com.zaxxer.hikari.pool.HikariPool        : HikariPool-1 - Added connection com.mysql.cj.jdbc.ConnectionImpl@46c10083
2026-04-12T17:35:24.183+08:00  INFO 17984 --- [project] [           main] com.zaxxer.hikari.HikariDataSource       : HikariPool-1 - Start completed.
2026-04-12T17:35:24.904+08:00  INFO 17984 --- [project] [           main] .w.s.a.s.AnnotationActionEndpointMapping : Supporting [WS-Addressing August 2004, WS-Addressing 1.0]
2026-04-12T17:35:24.942+08:00  INFO 17984 --- [project] [           main] o.s.boot.tomcat.TomcatWebServer          : Tomcat started on port 8080 (http) with context path '/'
2026-04-12T17:35:24.946+08:00  INFO 17984 --- [project] [           main] org.example.project.ProjectApplication   : Started ProjectApplication in 2.24 seconds (process running for 2.507)
2026-04-12T17:36:26.900+08:00  INFO 17984 --- [project] [nio-8080-exec-1] o.a.c.c.C.[Tomcat].[localhost].[/]       : Initializing Spring DispatcherServlet 'dispatcherServlet'
2026-04-12T17:36:26.900+08:00  INFO 17984 --- [project] [nio-8080-exec-1] o.s.web.servlet.DispatcherServlet        : Initializing Servlet 'dispatcherServlet'
2026-04-12T17:36:26.901+08:00  INFO 17984 --- [project] [nio-8080-exec-1] o.s.web.servlet.DispatcherServlet        : Completed initialization in 1 ms
2026-04-12T19:24:43.739+08:00  WARN 17984 --- [project] [l-1:housekeeper] com.zaxxer.hikari.pool.HikariPool        : HikariPool-1 - Thread starvation or clock leap detected (housekeeper delta=3m19s15ms456µs500ns).
2026-04-12T19:31:43.285+08:00  WARN 17984 --- [project] [l-1:housekeeper] com.zaxxer.hikari.pool.HikariPool        : HikariPool-1 - Thread starvation or clock leap detected (housekeeper delta=59s533ms811µs700ns).
